Using pre-set license
Built from '2020.3/staging' branch; Version is '2020.3.19f1 (68f137dc9bbe) revision 6877495'; Using compiler version '192528614'; Build Type 'Release'
OS: 'Windows 10 Home; OS build 22631.3737; Version 2009; 64bit' Language: 'en' Physical Memory: 8013 MB
BatchMode: 1, IsHumanControllingUs: 0, StartBugReporterOnCrash: 0, Is64bit: 1, IsPro: 0

COMMAND LINE ARGUMENTS:
C:\Program Files\Unity\Hub\Editor\2020.3.19f1\Editor\Unity.exe
-adb2
-batchMode
-noUpm
-name
AssetImportWorker0
-projectPath
C:/Users/rocni/Downloads/Gravity Trails JM
-logFile
Logs/AssetImportWorker0.log
-srvPort
64473
Successfully changed project path to: C:/Users/rocni/Downloads/Gravity Trails JM
C:/Users/rocni/Downloads/Gravity Trails JM
Using Asset Import Pipeline V2.
Refreshing native plugins compatible for Editor in 26.49 ms, found 2 plugins.
Preloading 0 native plugins for Editor in 0.00 ms.
Initialize engine version: 2020.3.19f1 (68f137dc9bbe)
[Subsystems] Discovering subsystems at path C:/Program Files/Unity/Hub/Editor/2020.3.19f1/Editor/Data/Resources/UnitySubsystems
[Subsystems] Discovering subsystems at path C:/Users/rocni/Downloads/Gravity Trails JM/Assets
GfxDevice: creating device client; threaded=0
Direct3D:
    Version:  Direct3D 11.0 [level 11.1]
    Renderer: NVIDIA GeForce GTX 1650 with Max-Q Design (ID=0x1f9d)
    Vendor:   
    VRAM:     3962 MB
    Driver:   30.0.15.1165
Initialize mono
Mono path[0] = 'C:/Program Files/Unity/Hub/Editor/2020.3.19f1/Editor/Data/Managed'
Mono path[1] = 'C:/Program Files/Unity/Hub/Editor/2020.3.19f1/Editor/Data/MonoBleedingEdge/lib/mono/unityjit'
Mono config path = 'C:/Program Files/Unity/Hub/Editor/2020.3.19f1/Editor/Data/MonoBleedingEdge/etc'
Using monoOptions --debugger-agent=transport=dt_socket,embedding=1,server=y,suspend=n,address=127.0.0.1:56348
Begin MonoManager ReloadAssembly
Registering precompiled unity dll's ...
Register platform support module: C:/Program Files/Unity/Hub/Editor/2020.3.19f1/Editor/Data/PlaybackEngines/WebGLSupport/UnityEditor.WebGL.Extensions.dll
Register platform support module: C:/Program Files/Unity/Hub/Editor/2020.3.19f1/Editor/Data/PlaybackEngines/WindowsStandaloneSupport/UnityEditor.WindowsStandalone.Extensions.dll
Registered in 0.003446 seconds.
Native extension for WindowsStandalone target not found
Native extension for WebGL target not found
Refreshing native plugins compatible for Editor in 26.63 ms, found 2 plugins.
Preloading 0 native plugins for Editor in 0.00 ms.
Mono: successfully reloaded assembly
- Completed reload, in  1.919 seconds
Domain Reload Profiling:
	ReloadAssembly (1920ms)
		BeginReloadAssembly (51ms)
			ExecutionOrderSort (0ms)
			DisableScriptedObjects (0ms)
			BackupInstance (0ms)
			ReleaseScriptingObjects (0ms)
			CreateAndSetChildDomain (1ms)
		EndReloadAssembly (405ms)
			LoadAssemblies (49ms)
			RebuildTransferFunctionScriptingTraits (0ms)
			SetupTypeCache (165ms)
			ReleaseScriptCaches (0ms)
			RebuildScriptCaches (26ms)
			SetupLoadedEditorAssemblies (147ms)
				LogAssemblyErrors (0ms)
				InitializePlatformSupportModulesInManaged (4ms)
				SetLoadedEditorAssemblies (0ms)
				RefreshPlugins (27ms)
				BeforeProcessingInitializeOnLoad (16ms)
				ProcessInitializeOnLoadAttributes (74ms)
				ProcessInitializeOnLoadMethodAttributes (25ms)
				AfterProcessingInitializeOnLoad (0ms)
				EditorAssembliesLoaded (0ms)
			ExecutionOrderSort2 (0ms)
			AwakeInstancesAfterBackupRestoration (0ms)
Platform modules already initialized, skipping
Registering precompiled user dll's ...
Registered in 0.003016 seconds.
Begin MonoManager ReloadAssembly
Native extension for WindowsStandalone target not found
Native extension for WebGL target not found
Refreshing native plugins compatible for Editor in 0.37 ms, found 2 plugins.
Preloading 0 native plugins for Editor in 0.00 ms.
Mono: successfully reloaded assembly
- Completed reload, in  1.082 seconds
Domain Reload Profiling:
	ReloadAssembly (1084ms)
		BeginReloadAssembly (129ms)
			ExecutionOrderSort (0ms)
			DisableScriptedObjects (4ms)
			BackupInstance (0ms)
			ReleaseScriptingObjects (0ms)
			CreateAndSetChildDomain (16ms)
		EndReloadAssembly (895ms)
			LoadAssemblies (106ms)
			RebuildTransferFunctionScriptingTraits (0ms)
			SetupTypeCache (316ms)
			ReleaseScriptCaches (1ms)
			RebuildScriptCaches (51ms)
			SetupLoadedEditorAssemblies (320ms)
				LogAssemblyErrors (0ms)
				InitializePlatformSupportModulesInManaged (6ms)
				SetLoadedEditorAssemblies (0ms)
				RefreshPlugins (0ms)
				BeforeProcessingInitializeOnLoad (80ms)
				ProcessInitializeOnLoadAttributes (223ms)
				ProcessInitializeOnLoadMethodAttributes (4ms)
				AfterProcessingInitializeOnLoad (7ms)
				EditorAssembliesLoaded (0ms)
			ExecutionOrderSort2 (0ms)
			AwakeInstancesAfterBackupRestoration (7ms)
Platform modules already initialized, skipping
========================================================================
Worker process is ready to serve import requests
Launched and connected shader compiler UnityShaderCompiler.exe after 0.06 seconds
Refreshing native plugins compatible for Editor in 0.57 ms, found 2 plugins.
Preloading 0 native plugins for Editor in 0.00 ms.
Unloading 1555 Unused Serialized files (Serialized files now loaded: 0)
System memory in use before: 70.1 MB.
System memory in use after: 70.2 MB.

Unloading 17 unused Assets to reduce memory usage. Loaded Objects now: 1991.
Total: 4.233600 ms (FindLiveObjects: 0.319800 ms CreateObjectMapping: 0.109000 ms MarkObjects: 3.714800 ms  DeleteObjects: 0.087100 ms)

AssetImportParameters requested are different than current active one (requested -> active):
  custom:framework-win-MediaFoundation: 216162199b28c13a410421893ffa2e32 -> 
  custom:video-decoder-ogg-theora: a1e56fd34408186e4bbccfd4996cb3dc -> 
  custom:container-muxer-webm: aa71ff27fc2769a1b78a27578f13a17b -> 
  custom:container-demuxer-webm: 4f35f7cbe854078d1ac9338744f61a02 -> 
  custom:container-demuxer-ogg: 62fdf1f143b41e24485cea50d1cbac27 -> 
  custom:video-encoder-webm-vp8: eb34c28f22e8b96e1ab97ce403110664 -> 
  custom:video-decoder-webm-vp8: 9c59270c3fd7afecdb556c50c9e8de78 -> 
  custom:audio-decoder-ogg-vorbis: bf7c407c2cedff20999df2af8eb42d56 -> 
  custom:audio-encoder-webm-vorbis: bf7c407c2cedff20999df2af8eb42d56 -> 
========================================================================
Received Import Request.
  path: Assets/Scenes/Level 1.unity
  artifactKey: Guid(7ee39f4767cd1824cb06319f93adc359) Importer(815301076,1909f56bfc062723c751e8b465ee728b)
Start importing Assets/Scenes/Level 1.unity using Guid(7ee39f4767cd1824cb06319f93adc359) Importer(815301076,1909f56bfc062723c751e8b465ee728b)  -> (artifact id: 'c5da1aeefee9dc7947c7c2bff405e9c8') in 0.024925 seconds 
  Import took 0.030922 seconds .

========================================================================
Received Prepare
Registering precompiled user dll's ...
Registered in 0.002925 seconds.
Begin MonoManager ReloadAssembly
Native extension for WindowsStandalone target not found
Native extension for WebGL target not found
Refreshing native plugins compatible for Editor in 0.31 ms, found 2 plugins.
Preloading 0 native plugins for Editor in 0.00 ms.
Mono: successfully reloaded assembly
- Completed reload, in  0.843 seconds
Domain Reload Profiling:
	ReloadAssembly (844ms)
		BeginReloadAssembly (97ms)
			ExecutionOrderSort (0ms)
			DisableScriptedObjects (4ms)
			BackupInstance (0ms)
			ReleaseScriptingObjects (0ms)
			CreateAndSetChildDomain (27ms)
		EndReloadAssembly (693ms)
			LoadAssemblies (76ms)
			RebuildTransferFunctionScriptingTraits (0ms)
			SetupTypeCache (237ms)
			ReleaseScriptCaches (1ms)
			RebuildScriptCaches (35ms)
			SetupLoadedEditorAssemblies (261ms)
				LogAssemblyErrors (0ms)
				InitializePlatformSupportModulesInManaged (5ms)
				SetLoadedEditorAssemblies (0ms)
				RefreshPlugins (0ms)
				BeforeProcessingInitializeOnLoad (65ms)
				ProcessInitializeOnLoadAttributes (179ms)
				ProcessInitializeOnLoadMethodAttributes (3ms)
				AfterProcessingInitializeOnLoad (8ms)
				EditorAssembliesLoaded (0ms)
			ExecutionOrderSort2 (0ms)
			AwakeInstancesAfterBackupRestoration (6ms)
Platform modules already initialized, skipping
Refreshing native plugins compatible for Editor in 0.30 ms, found 2 plugins.
Preloading 0 native plugins for Editor in 0.00 ms.
Unloading 1547 Unused Serialized files (Serialized files now loaded: 0)
System memory in use before: 69.8 MB.
System memory in use after: 69.9 MB.

Unloading 12 unused Assets to reduce memory usage. Loaded Objects now: 1993.
Total: 2.399200 ms (FindLiveObjects: 0.138600 ms CreateObjectMapping: 0.047600 ms MarkObjects: 2.199500 ms  DeleteObjects: 0.012700 ms)

AssetImportParameters requested are different than current active one (requested -> active):
  custom:framework-win-MediaFoundation: 216162199b28c13a410421893ffa2e32 -> 
  custom:video-decoder-ogg-theora: a1e56fd34408186e4bbccfd4996cb3dc -> 
  custom:container-muxer-webm: aa71ff27fc2769a1b78a27578f13a17b -> 
  custom:container-demuxer-webm: 4f35f7cbe854078d1ac9338744f61a02 -> 
  custom:container-demuxer-ogg: 62fdf1f143b41e24485cea50d1cbac27 -> 
  custom:video-encoder-webm-vp8: eb34c28f22e8b96e1ab97ce403110664 -> 
  custom:video-decoder-webm-vp8: 9c59270c3fd7afecdb556c50c9e8de78 -> 
  custom:audio-decoder-ogg-vorbis: bf7c407c2cedff20999df2af8eb42d56 -> 
  custom:audio-encoder-webm-vorbis: bf7c407c2cedff20999df2af8eb42d56 -> 
========================================================================
Received Import Request.
  Time since last request: 167.970805 seconds.
  path: Assets/Scenes/Level 2.unity
  artifactKey: Guid(64a71b80618aac845a414a7b3d3c1a65) Importer(815301076,1909f56bfc062723c751e8b465ee728b)
Start importing Assets/Scenes/Level 2.unity using Guid(64a71b80618aac845a414a7b3d3c1a65) Importer(815301076,1909f56bfc062723c751e8b465ee728b)  -> (artifact id: '36998d5ac2dafba3983c8ea47e82136a') in 0.015910 seconds 
  Import took 0.020916 seconds .

========================================================================
Received Import Request.
  Time since last request: 672.312007 seconds.
  path: Assets/Scenes/Untitled.png
  artifactKey: Guid(a9015980155e8694e97f932a37bcf947) Importer(815301076,1909f56bfc062723c751e8b465ee728b)
Start importing Assets/Scenes/Untitled.png using Guid(a9015980155e8694e97f932a37bcf947) Importer(815301076,1909f56bfc062723c751e8b465ee728b)  -> (artifact id: '4cbeb821eca9174134031aaeefb20683') in 0.079003 seconds 
  Import took 0.082527 seconds .

========================================================================
Received Import Request.
  Time since last request: 2.637906 seconds.
  path: Assets/Scenes/Level 2.unity
  artifactKey: Guid(64a71b80618aac845a414a7b3d3c1a65) Importer(815301076,1909f56bfc062723c751e8b465ee728b)
Start importing Assets/Scenes/Level 2.unity using Guid(64a71b80618aac845a414a7b3d3c1a65) Importer(815301076,1909f56bfc062723c751e8b465ee728b)  -> (artifact id: 'dadb3b60dbdc9116030239cad41b9943') in 0.006514 seconds 
  Import took 0.010322 seconds .

========================================================================
Received Prepare
Registering precompiled user dll's ...
Registered in 0.004132 seconds.
Begin MonoManager ReloadAssembly
Native extension for WindowsStandalone target not found
Native extension for WebGL target not found
Refreshing native plugins compatible for Editor in 0.31 ms, found 2 plugins.
Preloading 0 native plugins for Editor in 0.00 ms.
Mono: successfully reloaded assembly
- Completed reload, in  0.849 seconds
Domain Reload Profiling:
	ReloadAssembly (850ms)
		BeginReloadAssembly (110ms)
			ExecutionOrderSort (0ms)
			DisableScriptedObjects (4ms)
			BackupInstance (0ms)
			ReleaseScriptingObjects (0ms)
			CreateAndSetChildDomain (30ms)
		EndReloadAssembly (685ms)
			LoadAssemblies (75ms)
			RebuildTransferFunctionScriptingTraits (0ms)
			SetupTypeCache (239ms)
			ReleaseScriptCaches (1ms)
			RebuildScriptCaches (36ms)
			SetupLoadedEditorAssemblies (253ms)
				LogAssemblyErrors (0ms)
				InitializePlatformSupportModulesInManaged (5ms)
				SetLoadedEditorAssemblies (0ms)
				RefreshPlugins (0ms)
				BeforeProcessingInitializeOnLoad (62ms)
				ProcessInitializeOnLoadAttributes (176ms)
				ProcessInitializeOnLoadMethodAttributes (3ms)
				AfterProcessingInitializeOnLoad (6ms)
				EditorAssembliesLoaded (0ms)
			ExecutionOrderSort2 (0ms)
			AwakeInstancesAfterBackupRestoration (6ms)
Platform modules already initialized, skipping
Refreshing native plugins compatible for Editor in 0.29 ms, found 2 plugins.
Preloading 0 native plugins for Editor in 0.00 ms.
Unloading 1547 Unused Serialized files (Serialized files now loaded: 0)
System memory in use before: 69.9 MB.
System memory in use after: 70.0 MB.

Unloading 12 unused Assets to reduce memory usage. Loaded Objects now: 1997.
Total: 2.309400 ms (FindLiveObjects: 0.139900 ms CreateObjectMapping: 0.047500 ms MarkObjects: 2.105300 ms  DeleteObjects: 0.015700 ms)

AssetImportParameters requested are different than current active one (requested -> active):
  custom:framework-win-MediaFoundation: 216162199b28c13a410421893ffa2e32 -> 
  custom:video-decoder-ogg-theora: a1e56fd34408186e4bbccfd4996cb3dc -> 
  custom:container-muxer-webm: aa71ff27fc2769a1b78a27578f13a17b -> 
  custom:container-demuxer-webm: 4f35f7cbe854078d1ac9338744f61a02 -> 
  custom:container-demuxer-ogg: 62fdf1f143b41e24485cea50d1cbac27 -> 
  custom:video-encoder-webm-vp8: eb34c28f22e8b96e1ab97ce403110664 -> 
  custom:video-decoder-webm-vp8: 9c59270c3fd7afecdb556c50c9e8de78 -> 
  custom:audio-decoder-ogg-vorbis: bf7c407c2cedff20999df2af8eb42d56 -> 
  custom:audio-encoder-webm-vorbis: bf7c407c2cedff20999df2af8eb42d56 -> 
========================================================================
Received Prepare
Registering precompiled user dll's ...
Registered in 0.005377 seconds.
Begin MonoManager ReloadAssembly
Native extension for WindowsStandalone target not found
Native extension for WebGL target not found
Refreshing native plugins compatible for Editor in 0.29 ms, found 2 plugins.
Preloading 0 native plugins for Editor in 0.00 ms.
Mono: successfully reloaded assembly
- Completed reload, in  0.842 seconds
Domain Reload Profiling:
	ReloadAssembly (842ms)
		BeginReloadAssembly (101ms)
			ExecutionOrderSort (0ms)
			DisableScriptedObjects (4ms)
			BackupInstance (0ms)
			ReleaseScriptingObjects (0ms)
			CreateAndSetChildDomain (28ms)
		EndReloadAssembly (685ms)
			LoadAssemblies (76ms)
			RebuildTransferFunctionScriptingTraits (0ms)
			SetupTypeCache (236ms)
			ReleaseScriptCaches (1ms)
			RebuildScriptCaches (36ms)
			SetupLoadedEditorAssemblies (253ms)
				LogAssemblyErrors (0ms)
				InitializePlatformSupportModulesInManaged (6ms)
				SetLoadedEditorAssemblies (0ms)
				RefreshPlugins (0ms)
				BeforeProcessingInitializeOnLoad (63ms)
				ProcessInitializeOnLoadAttributes (174ms)
				ProcessInitializeOnLoadMethodAttributes (3ms)
				AfterProcessingInitializeOnLoad (7ms)
				EditorAssembliesLoaded (0ms)
			ExecutionOrderSort2 (0ms)
			AwakeInstancesAfterBackupRestoration (6ms)
Platform modules already initialized, skipping
Refreshing native plugins compatible for Editor in 0.30 ms, found 2 plugins.
Preloading 0 native plugins for Editor in 0.00 ms.
Unloading 1547 Unused Serialized files (Serialized files now loaded: 0)
System memory in use before: 69.9 MB.
System memory in use after: 70.0 MB.

Unloading 12 unused Assets to reduce memory usage. Loaded Objects now: 1999.
Total: 2.379500 ms (FindLiveObjects: 0.151100 ms CreateObjectMapping: 0.044500 ms MarkObjects: 2.167700 ms  DeleteObjects: 0.015200 ms)

AssetImportParameters requested are different than current active one (requested -> active):
  custom:framework-win-MediaFoundation: 216162199b28c13a410421893ffa2e32 -> 
  custom:video-decoder-ogg-theora: a1e56fd34408186e4bbccfd4996cb3dc -> 
  custom:container-muxer-webm: aa71ff27fc2769a1b78a27578f13a17b -> 
  custom:container-demuxer-webm: 4f35f7cbe854078d1ac9338744f61a02 -> 
  custom:container-demuxer-ogg: 62fdf1f143b41e24485cea50d1cbac27 -> 
  custom:video-encoder-webm-vp8: eb34c28f22e8b96e1ab97ce403110664 -> 
  custom:video-decoder-webm-vp8: 9c59270c3fd7afecdb556c50c9e8de78 -> 
  custom:audio-decoder-ogg-vorbis: bf7c407c2cedff20999df2af8eb42d56 -> 
  custom:audio-encoder-webm-vorbis: bf7c407c2cedff20999df2af8eb42d56 -> 
========================================================================
Received Prepare
Registering precompiled user dll's ...
Registered in 0.002752 seconds.
Begin MonoManager ReloadAssembly
Native extension for WindowsStandalone target not found
Native extension for WebGL target not found
Refreshing native plugins compatible for Editor in 0.30 ms, found 2 plugins.
Preloading 0 native plugins for Editor in 0.00 ms.
Mono: successfully reloaded assembly
- Completed reload, in  0.844 seconds
Domain Reload Profiling:
	ReloadAssembly (844ms)
		BeginReloadAssembly (97ms)
			ExecutionOrderSort (0ms)
			DisableScriptedObjects (4ms)
			BackupInstance (0ms)
			ReleaseScriptingObjects (0ms)
			CreateAndSetChildDomain (29ms)
		EndReloadAssembly (693ms)
			LoadAssemblies (76ms)
			RebuildTransferFunctionScriptingTraits (0ms)
			SetupTypeCache (240ms)
			ReleaseScriptCaches (1ms)
			RebuildScriptCaches (35ms)
			SetupLoadedEditorAssemblies (256ms)
				LogAssemblyErrors (0ms)
				InitializePlatformSupportModulesInManaged (5ms)
				SetLoadedEditorAssemblies (0ms)
				RefreshPlugins (0ms)
				BeforeProcessingInitializeOnLoad (63ms)
				ProcessInitializeOnLoadAttributes (177ms)
				ProcessInitializeOnLoadMethodAttributes (3ms)
				AfterProcessingInitializeOnLoad (6ms)
				EditorAssembliesLoaded (0ms)
			ExecutionOrderSort2 (0ms)
			AwakeInstancesAfterBackupRestoration (6ms)
Platform modules already initialized, skipping
Refreshing native plugins compatible for Editor in 0.34 ms, found 2 plugins.
Preloading 0 native plugins for Editor in 0.00 ms.
Unloading 1547 Unused Serialized files (Serialized files now loaded: 0)
System memory in use before: 69.9 MB.
System memory in use after: 70.1 MB.

Unloading 12 unused Assets to reduce memory usage. Loaded Objects now: 2001.
Total: 2.484400 ms (FindLiveObjects: 0.152700 ms CreateObjectMapping: 0.052700 ms MarkObjects: 2.262900 ms  DeleteObjects: 0.015000 ms)

AssetImportParameters requested are different than current active one (requested -> active):
  custom:framework-win-MediaFoundation: 216162199b28c13a410421893ffa2e32 -> 
  custom:video-decoder-ogg-theora: a1e56fd34408186e4bbccfd4996cb3dc -> 
  custom:container-muxer-webm: aa71ff27fc2769a1b78a27578f13a17b -> 
  custom:container-demuxer-webm: 4f35f7cbe854078d1ac9338744f61a02 -> 
  custom:container-demuxer-ogg: 62fdf1f143b41e24485cea50d1cbac27 -> 
  custom:video-encoder-webm-vp8: eb34c28f22e8b96e1ab97ce403110664 -> 
  custom:video-decoder-webm-vp8: 9c59270c3fd7afecdb556c50c9e8de78 -> 
  custom:audio-decoder-ogg-vorbis: bf7c407c2cedff20999df2af8eb42d56 -> 
  custom:audio-encoder-webm-vorbis: bf7c407c2cedff20999df2af8eb42d56 -> 
========================================================================
Received Import Request.
  Time since last request: 901.967977 seconds.
  path: Assets/Scenes/Level 2.unity
  artifactKey: Guid(64a71b80618aac845a414a7b3d3c1a65) Importer(815301076,1909f56bfc062723c751e8b465ee728b)
Start importing Assets/Scenes/Level 2.unity using Guid(64a71b80618aac845a414a7b3d3c1a65) Importer(815301076,1909f56bfc062723c751e8b465ee728b)  -> (artifact id: '1b4939bf0158e0617b2cf4a144f802d4') in 0.013221 seconds 
  Import took 0.017772 seconds .

========================================================================
Received Import Request.
  Time since last request: 5.615848 seconds.
  path: Assets/Scenes
  artifactKey: Guid(a082097a7f3d0594680b711440d0332e) Importer(815301076,1909f56bfc062723c751e8b465ee728b)
Start importing Assets/Scenes using Guid(a082097a7f3d0594680b711440d0332e) Importer(815301076,1909f56bfc062723c751e8b465ee728b)  -> (artifact id: 'f3ba9317c83c5657ce1ba841279adfa7') in 0.008720 seconds 
  Import took 0.012506 seconds .

========================================================================
Received Import Request.
  Time since last request: 13.796109 seconds.
  path: Assets/Scenes/Level 3.unity
  artifactKey: Guid(b3cc735c30a6b99448bc029966a52c7c) Importer(815301076,1909f56bfc062723c751e8b465ee728b)
Start importing Assets/Scenes/Level 3.unity using Guid(b3cc735c30a6b99448bc029966a52c7c) Importer(815301076,1909f56bfc062723c751e8b465ee728b)  -> (artifact id: '8e89238af5f2ae0b0c6cffa2ca4ac53b') in 0.012023 seconds 
  Import took 0.015399 seconds .

========================================================================
Received Import Request.
  Time since last request: 46.780017 seconds.
  path: Assets/Scenes/Menu.unity
  artifactKey: Guid(9fc0d4010bbf28b4594072e72b8655ab) Importer(815301076,1909f56bfc062723c751e8b465ee728b)
Start importing Assets/Scenes/Menu.unity using Guid(9fc0d4010bbf28b4594072e72b8655ab) Importer(815301076,1909f56bfc062723c751e8b465ee728b)  -> (artifact id: 'bf1b178b59ac682185fe910660ae9a81') in 0.009078 seconds 
  Import took 0.013093 seconds .

========================================================================
Received Import Request.
  Time since last request: 63.227773 seconds.
  path: Assets/Scripts/EnemyCollision.cs
  artifactKey: Guid(5528f731fc2effd499bbc2b9a6258f2f) Importer(815301076,1909f56bfc062723c751e8b465ee728b)
Start importing Assets/Scripts/EnemyCollision.cs using Guid(5528f731fc2effd499bbc2b9a6258f2f) Importer(815301076,1909f56bfc062723c751e8b465ee728b)  -> (artifact id: '058c561c1a6ee1bfaf8491a805ffaec6') in 0.022457 seconds 
  Import took 0.025176 seconds .

========================================================================
Received Import Request.
  Time since last request: 0.005249 seconds.
  path: Assets/Scripts/EnemyMovement.cs
  artifactKey: Guid(85f15e650efcba044bd5e9d09814ce38) Importer(815301076,1909f56bfc062723c751e8b465ee728b)
Start importing Assets/Scripts/EnemyMovement.cs using Guid(85f15e650efcba044bd5e9d09814ce38) Importer(815301076,1909f56bfc062723c751e8b465ee728b)  -> (artifact id: '0e565a1816e5efc8cbfb809abe0aa952') in 0.011253 seconds 
  Import took 0.013900 seconds .

========================================================================
Received Import Request.
  Time since last request: 0.004927 seconds.
  path: Assets/Scenes/Level 1/LightingData.asset
  artifactKey: Guid(98e7dc37fd95d534b88f09258cf8d4c9) Importer(815301076,1909f56bfc062723c751e8b465ee728b)
Start importing Assets/Scenes/Level 1/LightingData.asset using Guid(98e7dc37fd95d534b88f09258cf8d4c9) Importer(815301076,1909f56bfc062723c751e8b465ee728b) Unable to read header from archive file: memarchive0
Mounting archive file system for lighting data asset failed!
 -> (artifact id: '312d35bc2d70f02b4dcbe5185f03874d') in 0.014365 seconds 
  Import took 0.016754 seconds .

========================================================================
Received Import Request.
  Time since last request: 0.009161 seconds.
  path: Assets/Scripts/GravityFlip.cs
  artifactKey: Guid(bf99d97c686fbe8489f94a224a237d5f) Importer(815301076,1909f56bfc062723c751e8b465ee728b)
Start importing Assets/Scripts/GravityFlip.cs using Guid(bf99d97c686fbe8489f94a224a237d5f) Importer(815301076,1909f56bfc062723c751e8b465ee728b)  -> (artifact id: '2f415bd8a6696b19cefa375a275ad622') in 0.006666 seconds 
  Import took 0.009912 seconds .

========================================================================
Received Import Request.
  Time since last request: 0.007361 seconds.
  path: Assets/Scripts/Teleport.cs
  artifactKey: Guid(947576b02420d82469f7f60ca87ecb68) Importer(815301076,1909f56bfc062723c751e8b465ee728b)
Start importing Assets/Scripts/Teleport.cs using Guid(947576b02420d82469f7f60ca87ecb68) Importer(815301076,1909f56bfc062723c751e8b465ee728b)  -> (artifact id: '005db5c1afb1ba7d5dc175e4b4eeafcb') in 0.007117 seconds 
  Import took 0.011688 seconds .

========================================================================
Received Import Request.
  Time since last request: 0.004735 seconds.
  path: Assets/Scripts/Throwable.cs
  artifactKey: Guid(d0185ef9476e0604b849b5df0038a038) Importer(815301076,1909f56bfc062723c751e8b465ee728b)
Start importing Assets/Scripts/Throwable.cs using Guid(d0185ef9476e0604b849b5df0038a038) Importer(815301076,1909f56bfc062723c751e8b465ee728b)  -> (artifact id: 'b60d77e5f56d7eae4931f0a4640e08a6') in 0.002976 seconds 
  Import took 0.006149 seconds .

========================================================================
Received Import Request.
  Time since last request: 0.005084 seconds.
  path: Assets/Artwork/Materials
  artifactKey: Guid(551894f9c3c3d9548ad73f7605a14e18) Importer(815301076,1909f56bfc062723c751e8b465ee728b)
Start importing Assets/Artwork/Materials using Guid(551894f9c3c3d9548ad73f7605a14e18) Importer(815301076,1909f56bfc062723c751e8b465ee728b)  -> (artifact id: 'bb2f9b494ea65b22fe55253696ae50e0') in 0.007268 seconds 
  Import took 0.010355 seconds .

========================================================================
Received Import Request.
  Time since last request: 0.006669 seconds.
  path: Assets/Scripts/Jump.cs
  artifactKey: Guid(67d8f41f421b4fa47af40482b4686387) Importer(815301076,1909f56bfc062723c751e8b465ee728b)
Start importing Assets/Scripts/Jump.cs using Guid(67d8f41f421b4fa47af40482b4686387) Importer(815301076,1909f56bfc062723c751e8b465ee728b)  -> (artifact id: '2616d869116af1479fd7068a69ca6512') in 0.006632 seconds 
  Import took 0.009425 seconds .

========================================================================
Received Import Request.
  Time since last request: 0.005308 seconds.
  path: Assets/Scenes/Level 1/ReflectionProbe-0.exr
  artifactKey: Guid(df1d2d3b7083dc14b89493c11a6aaa42) Importer(815301076,1909f56bfc062723c751e8b465ee728b)
Start importing Assets/Scenes/Level 1/ReflectionProbe-0.exr using Guid(df1d2d3b7083dc14b89493c11a6aaa42) Importer(815301076,1909f56bfc062723c751e8b465ee728b)  -> (artifact id: '658f0808d9074efb1edac19800c89727') in 0.079954 seconds 
  Import took 0.082830 seconds .

========================================================================
Received Import Request.
  Time since last request: 0.004942 seconds.
  path: Assets/Scenes/Menu.unity
  artifactKey: Guid(9fc0d4010bbf28b4594072e72b8655ab) Importer(815301076,1909f56bfc062723c751e8b465ee728b)
Start importing Assets/Scenes/Menu.unity using Guid(9fc0d4010bbf28b4594072e72b8655ab) Importer(815301076,1909f56bfc062723c751e8b465ee728b)  -> (artifact id: 'ce85c130557ddd561a549bcdb918d562') in 0.002815 seconds 
  Import took 0.005189 seconds .

========================================================================
Received Import Request.
  Time since last request: 0.004866 seconds.
  path: Assets/Scripts/AnimateMovement.cs
  artifactKey: Guid(6a3d3b23043ad9949a7224d4e64ca0b2) Importer(815301076,1909f56bfc062723c751e8b465ee728b)
Start importing Assets/Scripts/AnimateMovement.cs using Guid(6a3d3b23043ad9949a7224d4e64ca0b2) Importer(815301076,1909f56bfc062723c751e8b465ee728b)  -> (artifact id: '8c5d3b855883f8e1f89a15de1c55563d') in 0.006676 seconds 
  Import took 0.009267 seconds .

========================================================================
Received Import Request.
  Time since last request: 0.007939 seconds.
  path: Assets/Prefabs/Materials
  artifactKey: Guid(2c6c278ded9dc1c448984aec637dbee9) Importer(815301076,1909f56bfc062723c751e8b465ee728b)
Start importing Assets/Prefabs/Materials using Guid(2c6c278ded9dc1c448984aec637dbee9) Importer(815301076,1909f56bfc062723c751e8b465ee728b)  -> (artifact id: 'c0d3d94dcafa1ae3b56ab22e1468fcb3') in 0.002193 seconds 
  Import took 0.004695 seconds .

========================================================================
Received Import Request.
  Time since last request: 0.002902 seconds.
  path: Assets/Animation
  artifactKey: Guid(22351c836ac46bb419755f5c66e37723) Importer(815301076,1909f56bfc062723c751e8b465ee728b)
Start importing Assets/Animation using Guid(22351c836ac46bb419755f5c66e37723) Importer(815301076,1909f56bfc062723c751e8b465ee728b)  -> (artifact id: '22376b5398b3ff50e2ce9166f8683aac') in 0.006742 seconds 
  Import took 0.009242 seconds .

========================================================================
Received Import Request.
  Time since last request: 0.004115 seconds.
  path: Assets/Animation/FallDown.anim
  artifactKey: Guid(3e7ca274a5fd38d46bf0806f5df50ba5) Importer(815301076,1909f56bfc062723c751e8b465ee728b)
Start importing Assets/Animation/FallDown.anim using Guid(3e7ca274a5fd38d46bf0806f5df50ba5) Importer(815301076,1909f56bfc062723c751e8b465ee728b)  -> (artifact id: '18b62b595c4eb342bd6030f5a9879e46') in 0.009547 seconds 
  Import took 0.012573 seconds .

========================================================================
Received Import Request.
  Time since last request: 0.010710 seconds.
  path: Assets/Animation/Avatar.controller
  artifactKey: Guid(0724856456ea1c6488c7d3c7d4410a77) Importer(815301076,1909f56bfc062723c751e8b465ee728b)
Start importing Assets/Animation/Avatar.controller using Guid(0724856456ea1c6488c7d3c7d4410a77) Importer(815301076,1909f56bfc062723c751e8b465ee728b)  -> (artifact id: '4a5e985d59b4164bdc95f82793d1ee03') in 0.014047 seconds 
  Import took 0.016545 seconds .

========================================================================
Received Import Request.
  Time since last request: 0.004147 seconds.
  path: Assets/Scripts/AvatarAppearance.cs
  artifactKey: Guid(68efbd3772237f7459fc6b420df60901) Importer(815301076,1909f56bfc062723c751e8b465ee728b)
Start importing Assets/Scripts/AvatarAppearance.cs using Guid(68efbd3772237f7459fc6b420df60901) Importer(815301076,1909f56bfc062723c751e8b465ee728b)  -> (artifact id: '80d3ea202d37e156597fbb3c0ecb222f') in 0.006510 seconds 
  Import took 0.009241 seconds .

========================================================================
Received Import Request.
  Time since last request: 0.004582 seconds.
  path: Assets/Scenes/Materials/Untitled.mat
  artifactKey: Guid(dabb659226ba06e43b30f90b646e59bd) Importer(815301076,1909f56bfc062723c751e8b465ee728b)
Start importing Assets/Scenes/Materials/Untitled.mat using Guid(dabb659226ba06e43b30f90b646e59bd) Importer(815301076,1909f56bfc062723c751e8b465ee728b)  -> (artifact id: '06f4232a76fc37163b6f8b8268117b17') in 0.031439 seconds 
  Import took 0.034146 seconds .

========================================================================
Received Import Request.
  Time since last request: 0.022743 seconds.
  path: Assets/Artwork
  artifactKey: Guid(77b4c77b894050241b0b40922ecb5ab4) Importer(815301076,1909f56bfc062723c751e8b465ee728b)
Start importing Assets/Artwork using Guid(77b4c77b894050241b0b40922ecb5ab4) Importer(815301076,1909f56bfc062723c751e8b465ee728b)  -> (artifact id: '42a9dabeef009e196637fa6ed88d98ce') in 0.007116 seconds 
  Import took 0.009804 seconds .

========================================================================
Received Import Request.
  Time since last request: 0.003704 seconds.
  path: Assets/Prefabs
  artifactKey: Guid(1580aa78adf5bf3469074e60b6714fc3) Importer(815301076,1909f56bfc062723c751e8b465ee728b)
Start importing Assets/Prefabs using Guid(1580aa78adf5bf3469074e60b6714fc3) Importer(815301076,1909f56bfc062723c751e8b465ee728b)  -> (artifact id: 'de7728dc97d4da66b01ea60ae519e70a') in 0.006495 seconds 
  Import took 0.008806 seconds .

========================================================================
Received Import Request.
  Time since last request: 0.003999 seconds.
  path: Assets/Animation/Idle.anim
  artifactKey: Guid(07ee4f3341ea77043a981b8f5358dd5d) Importer(815301076,1909f56bfc062723c751e8b465ee728b)
Start importing Assets/Animation/Idle.anim using Guid(07ee4f3341ea77043a981b8f5358dd5d) Importer(815301076,1909f56bfc062723c751e8b465ee728b)  -> (artifact id: 'f0f0ba3d643bc4889975a32e69b938fd') in 0.007601 seconds 
  Import took 0.010322 seconds .

========================================================================
Received Import Request.
  Time since last request: 0.010471 seconds.
  path: Assets/Scripts/Movement.cs
  artifactKey: Guid(c22efc2fca1c7ad4f89183c00c88dec1) Importer(815301076,1909f56bfc062723c751e8b465ee728b)
Start importing Assets/Scripts/Movement.cs using Guid(c22efc2fca1c7ad4f89183c00c88dec1) Importer(815301076,1909f56bfc062723c751e8b465ee728b)  -> (artifact id: '020bfb40393cadbe9cd3344b7c786d70') in 0.006450 seconds 
  Import took 0.008791 seconds .

========================================================================
Received Import Request.
  Time since last request: 0.004925 seconds.
  path: Assets/Scripts/Projectile.cs
  artifactKey: Guid(afa2498affaea35408e4ab507ac025e2) Importer(815301076,1909f56bfc062723c751e8b465ee728b)
Start importing Assets/Scripts/Projectile.cs using Guid(afa2498affaea35408e4ab507ac025e2) Importer(815301076,1909f56bfc062723c751e8b465ee728b)  -> (artifact id: 'f92f9c65e85f05b865aa6d64a18d82e2') in 0.006580 seconds 
  Import took 0.009097 seconds .

========================================================================
Received Import Request.
  Time since last request: 0.004522 seconds.
  path: Assets/Animation/JumpUp.anim
  artifactKey: Guid(52ffbea71779e4e419f231e5102b1c78) Importer(815301076,1909f56bfc062723c751e8b465ee728b)
Start importing Assets/Animation/JumpUp.anim using Guid(52ffbea71779e4e419f231e5102b1c78) Importer(815301076,1909f56bfc062723c751e8b465ee728b)  -> (artifact id: 'ce9cc86972c901a50cdcf96a65c68acf') in 0.009165 seconds 
  Import took 0.011551 seconds .

========================================================================
Received Import Request.
  Time since last request: 0.004749 seconds.
  path: Assets/Animation/Crouch.anim
  artifactKey: Guid(b6b26351e31afb4448be06b552d350bd) Importer(815301076,1909f56bfc062723c751e8b465ee728b)
Start importing Assets/Animation/Crouch.anim using Guid(b6b26351e31afb4448be06b552d350bd) Importer(815301076,1909f56bfc062723c751e8b465ee728b)  -> (artifact id: 'e73214227dbdd7dd4a1b0c6597a8bc18') in 0.008161 seconds 
  Import took 0.010853 seconds .

========================================================================
Received Import Request.
  Time since last request: 0.003632 seconds.
  path: Assets/Scenes/Materials
  artifactKey: Guid(dea2030811a41b440a4f3a6bf58801fb) Importer(815301076,1909f56bfc062723c751e8b465ee728b)
Start importing Assets/Scenes/Materials using Guid(dea2030811a41b440a4f3a6bf58801fb) Importer(815301076,1909f56bfc062723c751e8b465ee728b)  -> (artifact id: 'd7347c974fe18e7a5f81abb25f396d09') in 0.002542 seconds 
  Import took 0.004886 seconds .

========================================================================
Received Import Request.
  Time since last request: 0.003624 seconds.
  path: Assets/Scenes/Level 1
  artifactKey: Guid(83cd704e90b663d49b524de835d5ebf5) Importer(815301076,1909f56bfc062723c751e8b465ee728b)
Start importing Assets/Scenes/Level 1 using Guid(83cd704e90b663d49b524de835d5ebf5) Importer(815301076,1909f56bfc062723c751e8b465ee728b)  -> (artifact id: '9218b2cb4e92ec74091dbb9ce0e30316') in 0.006583 seconds 
  Import took 0.009536 seconds .

========================================================================
Received Import Request.
  Time since last request: 0.013565 seconds.
  path: Assets/Scenes/Level 1.unity
  artifactKey: Guid(7ee39f4767cd1824cb06319f93adc359) Importer(815301076,1909f56bfc062723c751e8b465ee728b)
Start importing Assets/Scenes/Level 1.unity using Guid(7ee39f4767cd1824cb06319f93adc359) Importer(815301076,1909f56bfc062723c751e8b465ee728b)  -> (artifact id: 'ac1349fb19d5c57bd49a40755f484ad6') in 0.002737 seconds 
  Import took 0.005410 seconds .

========================================================================
Received Import Request.
  Time since last request: 0.019614 seconds.
  path: Assets/Animation/Run.anim
  artifactKey: Guid(58a03fc85edc4e24984f7fb39a2ad878) Importer(815301076,1909f56bfc062723c751e8b465ee728b)
Start importing Assets/Animation/Run.anim using Guid(58a03fc85edc4e24984f7fb39a2ad878) Importer(815301076,1909f56bfc062723c751e8b465ee728b)  -> (artifact id: 'ccb455db7141e0de27421214d639e6de') in 0.009037 seconds 
  Import took 0.011451 seconds .

AssetImportWorkerClient::OnTransportError - code=2 error=End of file
